<?xml version="1.0" encoding="UTF-8"?>
<!-- Generated by org.testng.reporters.JUnitReportReporter -->
<testsuite hostname="LAPTOP-DGF065A0" failures="0" tests="1" name="test.AddCustomerTest" time="18.375" errors="0" timestamp="2023-10-22T01:44:24 CDT" skipped="0">
  <testcase classname="test.AddCustomerTest" name="userShouldBeAbleToAddCustomer" time="18.375"/>
</testsuite> <!-- test.AddCustomerTest -->
