<?xml version="1.0" encoding="UTF-8"?>
<!-- Generated by org.testng.reporters.JUnitReportReporter -->
<testsuite hostname="LAPTOP-DGF065A0" failures="0" tests="1" name="test.LoginTest" time="15.276" errors="0" timestamp="2023-10-22T01:44:24 CDT" skipped="0">
  <testcase classname="test.LoginTest" name="validUserShouldBeAbleToLogin" time="15.276"/>
</testsuite> <!-- test.LoginTest -->
