<?xml version="1.0" encoding="UTF-8"?>
<!-- Generated by org.testng.reporters.JUnitReportReporter -->
<testsuite hostname="LAPTOP-DGF065A0" failures="0" tests="1" name="test.ListCustomerTest" time="23.389" errors="0" timestamp="2023-10-22T01:44:24 CDT" skipped="0">
  <testcase classname="test.ListCustomerTest" name="userShouldBeAbleToAddCustomer" time="23.389"/>
</testsuite> <!-- test.ListCustomerTest -->
